<?xml version="1.0" encoding="UTF-8"?>
<!-- Generated by org.testng.reporters.JUnitReportReporter -->
<testsuite hostname="appus-HP-Pavilion-g6-Notebook-PC" failures="0" tests="1" name="com.simplogics.testcases.CreateCompany" time="5.821" errors="0" timestamp="05 Jul 2021 09:10:01 GMT" skipped="0">
  <testcase classname="com.simplogics.testcases.CreateCompany" name="createCompany" time="5.821"/>
</testsuite> <!-- com.simplogics.testcases.CreateCompany -->
