<?xml version="1.0" encoding="UTF-8"?>
<!-- Generated by org.testng.reporters.JUnitReportReporter -->
<testsuite hostname="appus-HP-Pavilion-g6-Notebook-PC" failures="0" tests="1" name="com.simplogics.testcases.Companymenu" time="0.782" errors="0" timestamp="05 Jul 2021 07:01:36 GMT" skipped="0">
  <testcase classname="com.simplogics.testcases.Companymenu" name="companymenu" time="0.782"/>
</testsuite> <!-- com.simplogics.testcases.Companymenu -->
