<?xml version="1.0" encoding="UTF-8"?>
<!-- Generated by org.testng.reporters.JUnitReportReporter -->
<testsuite hostname="appus-HP-Pavilion-g6-Notebook-PC" failures="0" tests="1" name="com.simplogics.testcases.LoginTest" time="7.251" errors="0" timestamp="02 Jul 2021 11:55:41 GMT" skipped="0">
  <testcase classname="com.simplogics.testcases.LoginTest" name="loginTest" time="7.251"/>
</testsuite> <!-- com.simplogics.testcases.LoginTest -->
