<?xml version="1.0" encoding="UTF-8"?>
<!-- Generated by org.testng.reporters.JUnitReportReporter -->
<testsuite hostname="appus-HP-Pavilion-g6-Notebook-PC" failures="0" tests="1" name="com.simplogics.testcases.CreateCompany" time="6.534" errors="0" timestamp="07 Jul 2021 08:28:17 GMT" skipped="0">
  <testcase classname="com.simplogics.testcases.CreateCompany" name="createCompany" time="6.534"/>
</testsuite> <!-- com.simplogics.testcases.CreateCompany -->
