<?xml version="1.0" encoding="UTF-8"?>
<!-- Generated by org.testng.reporters.JUnitReportReporter -->
<testsuite hostname="appus-HP-Pavilion-g6-Notebook-PC" failures="0" tests="1" name="com.simplogics.testcases.LoginTest" time="6.179" errors="0" timestamp="06 Jul 2021 12:15:34 GMT" skipped="0">
  <testcase classname="com.simplogics.testcases.LoginTest" name="loginTest" time="6.179"/>
</testsuite> <!-- com.simplogics.testcases.LoginTest -->
