<?xml version="1.0" encoding="UTF-8"?>
<!-- Generated by org.testng.reporters.JUnitReportReporter -->
<testsuite hostname="appus-HP-Pavilion-g6-Notebook-PC" failures="0" tests="1" name="com.simplogics.testcases.Companymenu" time="0.507" errors="0" timestamp="07 Jul 2021 08:28:17 GMT" skipped="0">
  <testcase classname="com.simplogics.testcases.Companymenu" name="companymenu" time="0.507"/>
</testsuite> <!-- com.simplogics.testcases.Companymenu -->
